<?xml version="1.0" encoding="UTF-8"?>
<testng-results skipped="0" failed="1" total="2" passed="1">
  <reporter-output>
    <line>
      <![CDATA[test1]]>
    </line>
    <line>
      <![CDATA[this is Test 1]]>
    </line>
    <line>
      <![CDATA[Status:2]]>
    </line>
    <line>
      <![CDATA[test2]]>
    </line>
    <line>
      <![CDATA[this is Test 2]]>
    </line>
    <line>
      <![CDATA[Status:1]]>
    </line>
  </reporter-output>
  <suite name="Default suite" duration-ms="59" started-at="2017-12-17T11:19:32Z" finished-at="2017-12-17T11:19:32Z">
    <groups>
    </groups>
    <test name="Default test" duration-ms="59" started-at="2017-12-17T11:19:32Z" finished-at="2017-12-17T11:19:32Z">
      <class name="qsp.DemoTM">
        <test-method status="PASS" signature="preCondition(java.lang.reflect.Method)[pri:0, instance:qsp.DemoTM@2d45ba]" name="preCondition" is-config="true" duration-ms="10" started-at="2017-12-17T16:49:32Z" finished-at="2017-12-17T16:49:32Z">
          <params>
            <param index="0">
              <value>
                <![CDATA[public void qsp.DemoTM.test1()]]>
              </value>
            </param>
          </params>
          <reporter-output>
            <line>
              <![CDATA[test1]]>
            </line>
          </reporter-output>
        </test-method> <!-- preCondition -->
        <test-method status="FAIL" signature="test1()[pri:0, instance:qsp.DemoTM@2d45ba]" name="test1" duration-ms="11" started-at="2017-12-17T16:49:32Z" finished-at="2017-12-17T16:49:32Z">
          <exception class="java.lang.AssertionError">
            <message>
              <![CDATA[null]]>
            </message>
            <full-stacktrace>
              <![CDATA[java.lang.AssertionError: null
	at org.testng.Assert.fail(Assert.java:94)
	at org.testng.Assert.fail(Assert.java:101)
	at qsp.DemoTM.test1(DemoTM.java:36)
	at sun.reflect.NativeMethodAccessorImpl.invoke0(Native Method)
	at sun.reflect.NativeMethodAccessorImpl.invoke(Unknown Source)
	at sun.reflect.DelegatingMethodAccessorImpl.invoke(Unknown Source)
	at java.lang.reflect.Method.invoke(Unknown Source)
	at org.testng.internal.MethodInvocationHelper.invokeMethod(MethodInvocationHelper.java:85)
	at org.testng.internal.Invoker.invokeMethod(Invoker.java:639)
	at org.testng.internal.Invoker.invokeTestMethod(Invoker.java:816)
	at org.testng.internal.Invoker.invokeTestMethods(Invoker.java:1124)
	at org.testng.internal.TestMethodWorker.invokeTestMethods(TestMethodWorker.java:125)
	at org.testng.internal.TestMethodWorker.run(TestMethodWorker.java:108)
	at org.testng.TestRunner.privateRun(TestRunner.java:774)
	at org.testng.TestRunner.run(TestRunner.java:624)
	at org.testng.SuiteRunner.runTest(SuiteRunner.java:359)
	at org.testng.SuiteRunner.runSequentially(SuiteRunner.java:354)
	at org.testng.SuiteRunner.privateRun(SuiteRunner.java:312)
	at org.testng.SuiteRunner.run(SuiteRunner.java:261)
	at org.testng.SuiteRunnerWorker.runSuite(SuiteRunnerWorker.java:52)
	at org.testng.SuiteRunnerWorker.run(SuiteRunnerWorker.java:86)
	at org.testng.TestNG.runSuitesSequentially(TestNG.java:1215)
	at org.testng.TestNG.runSuitesLocally(TestNG.java:1140)
	at org.testng.TestNG.run(TestNG.java:1048)
	at org.testng.remote.AbstractRemoteTestNG.run(AbstractRemoteTestNG.java:114)
	at org.testng.remote.RemoteTestNG.initAndRun(RemoteTestNG.java:251)
	at org.testng.remote.RemoteTestNG.main(RemoteTestNG.java:77)
]]>
            </full-stacktrace>
          </exception> <!-- java.lang.AssertionError -->
          <reporter-output>
            <line>
              <![CDATA[this is Test 1]]>
            </line>
          </reporter-output>
        </test-method> <!-- test1 -->
        <test-method status="PASS" signature="postCondition(org.testng.ITestResult)[pri:0, instance:qsp.DemoTM@2d45ba]" name="postCondition" is-config="true" duration-ms="1" started-at="2017-12-17T16:49:32Z" finished-at="2017-12-17T16:49:32Z">
          <params>
            <param index="0">
              <value>
                <![CDATA[[TestResult name=test1 status=FAILURE method=DemoTM.test1()[pri:0, instance:qsp.DemoTM@2d45ba] output=this is Test 1]]]>
              </value>
            </param>
          </params>
          <reporter-output>
            <line>
              <![CDATA[Status:2]]>
            </line>
          </reporter-output>
        </test-method> <!-- postCondition -->
        <test-method status="PASS" signature="preCondition(java.lang.reflect.Method)[pri:0, instance:qsp.DemoTM@2d45ba]" name="preCondition" is-config="true" duration-ms="0" started-at="2017-12-17T16:49:32Z" finished-at="2017-12-17T16:49:32Z">
          <params>
            <param index="0">
              <value>
                <![CDATA[public void qsp.DemoTM.test2()]]>
              </value>
            </param>
          </params>
          <reporter-output>
            <line>
              <![CDATA[test2]]>
            </line>
          </reporter-output>
        </test-method> <!-- preCondition -->
        <test-method status="PASS" signature="test2()[pri:0, instance:qsp.DemoTM@2d45ba]" name="test2" duration-ms="3" started-at="2017-12-17T16:49:32Z" finished-at="2017-12-17T16:49:32Z">
          <reporter-output>
            <line>
              <![CDATA[this is Test 2]]>
            </line>
          </reporter-output>
        </test-method> <!-- test2 -->
        <test-method status="PASS" signature="postCondition(org.testng.ITestResult)[pri:0, instance:qsp.DemoTM@2d45ba]" name="postCondition" is-config="true" duration-ms="0" started-at="2017-12-17T16:49:32Z" finished-at="2017-12-17T16:49:32Z">
          <params>
            <param index="0">
              <value>
                <![CDATA[[TestResult name=test2 status=SUCCESS method=DemoTM.test2()[pri:0, instance:qsp.DemoTM@2d45ba] output=this is Test 2]]]>
              </value>
            </param>
          </params>
          <reporter-output>
            <line>
              <![CDATA[Status:1]]>
            </line>
          </reporter-output>
        </test-method> <!-- postCondition -->
      </class> <!-- qsp.DemoTM -->
    </test> <!-- Default test -->
  </suite> <!-- Default suite -->
</testng-results>
